<?xml version="1.0" encoding="UTF-8"?>
<!-- Generated by org.testng.reporters.JUnitReportReporter -->
<testsuite hostname="Hello-PC" failures="0" tests="1" name="Testcases.HomePageTest" time="43.020" errors="0" timestamp="2019-11-29T03:36:45 IST" skipped="0">
  <testcase classname="Testcases.HomePageTest" name="Home" time="43.020"/>
</testsuite> <!-- Testcases.HomePageTest -->
