<?xml version="1.0" encoding="UTF-8"?>
<!-- Generated by org.testng.reporters.JUnitReportReporter -->
<testsuite hostname="Hello-PC" failures="0" tests="1" name="Testcases.LoginApplication" time="14.226" errors="0" timestamp="2019-11-29T00:25:35 IST" skipped="0">
  <testcase classname="Testcases.LoginApplication" name="Login" time="14.226"/>
</testsuite> <!-- Testcases.LoginApplication -->
